Algoritmul DPLL:
{{A,¬B}, {A,C}, {¬B,C}, {¬A,B}, {B,¬C}, {¬A,¬C}}


Facem split pe A. (1)
Adaugam clauza {A}.
{{A,¬B}, {A,C}, {¬B,C}, {¬A,B}, {B,¬C}, {¬A,¬C}, {A}}

Aplicam regula unui literal pentru clauza 7.
{{¬B,C}, {B}, {B,¬C}, {¬C}}

Aplicam regula unui literal pentru clauza 2.
{{C}, {¬C}}

Aplicam regula unui literal pentru clauza 1.
{{}}

Multimea contine clauza vida.
------------------------------------------ (1)

Facem split pe A. (2)
Adaugam clauza {¬A}.
{{A,¬B}, {A,C}, {¬B,C}, {¬A,B}, {B,¬C}, {¬A,¬C}, {¬A}}

Aplicam regula unui literal pentru clauza 7.
{{¬B}, {C}, {¬B,C}, {B,¬C}}

Aplicam regula unui literal pentru clauza 1.
{{C}, {¬C}}

Aplicam regula unui literal pentru clauza 1.
{{}}

Multimea contine clauza vida.
------------------------------------------ (2)

Propozitia este nesatisfiabila.